::1 - - [11/Nov/2025:18:22:05 +0100] "GET /server-status HTTP/1.1" 404 196
::1 - - [11/Nov/2025:18:22:05 +0100] "GET /favicon.ico HTTP/1.1" 404 196
::1 - - [11/Nov/2025:18:22:07 +0100] "GET /server-status HTTP/1.1" 404 196
::1 - - [11/Nov/2025:18:22:11 +0100] "GET / HTTP/1.1" 200 45
::1 - - [11/Nov/2025:18:22:12 +0100] "GET / HTTP/1.1" 304 -
::1 - - [12/Nov/2025:00:51:04 +0100] "GET / HTTP/1.1" 200 45
::1 - - [12/Nov/2025:00:51:04 +0100] "GET /login HTTP/1.1" 404 196
::1 - - [12/Nov/2025:00:51:04 +0100] "GET /contact HTTP/1.1" 404 196
::1 - - [12/Nov/2025:00:51:04 +0100] "GET /admin HTTP/1.1" 404 196
::1 - - [12/Nov/2025:00:51:04 +0100] "GET / HTTP/1.1" 200 45
::1 - - [12/Nov/2025:00:51:04 +0100] "GET /login HTTP/1.1" 404 196
::1 - - [12/Nov/2025:00:51:04 +0100] "GET /contact HTTP/1.1" 404 196
::1 - - [12/Nov/2025:00:51:04 +0100] "GET /admin HTTP/1.1" 404 196
::1 - - [12/Nov/2025:00:51:04 +0100] "GET / HTTP/1.1" 200 45
::1 - - [12/Nov/2025:00:51:04 +0100] "GET /login HTTP/1.1" 404 196
::1 - - [12/Nov/2025:00:51:04 +0100] "GET /contact HTTP/1.1" 404 196
::1 - - [12/Nov/2025:00:51:04 +0100] "GET /admin HTTP/1.1" 404 196
::1 - - [12/Nov/2025:00:51:04 +0100] "GET / HTTP/1.1" 200 45
::1 - - [12/Nov/2025:00:51:04 +0100] "GET /login HTTP/1.1" 404 196
::1 - - [12/Nov/2025:00:51:04 +0100] "GET /contact HTTP/1.1" 404 196
::1 - - [12/Nov/2025:00:51:04 +0100] "GET /admin HTTP/1.1" 404 196
::1 - - [12/Nov/2025:00:51:04 +0100] "GET / HTTP/1.1" 200 45
::1 - - [12/Nov/2025:00:51:04 +0100] "GET /login HTTP/1.1" 404 196
::1 - - [12/Nov/2025:00:51:04 +0100] "GET /contact HTTP/1.1" 404 196
::1 - - [12/Nov/2025:00:51:04 +0100] "GET /admin HTTP/1.1" 404 196
::1 - - [12/Nov/2025:00:51:04 +0100] "GET / HTTP/1.1" 200 45
::1 - - [12/Nov/2025:00:51:04 +0100] "GET /login HTTP/1.1" 404 196
::1 - - [12/Nov/2025:00:51:04 +0100] "GET /contact HTTP/1.1" 404 196
::1 - - [12/Nov/2025:00:51:04 +0100] "GET /admin HTTP/1.1" 404 196
::1 - - [12/Nov/2025:00:51:04 +0100] "GET / HTTP/1.1" 200 45
::1 - - [12/Nov/2025:00:51:04 +0100] "GET /login HTTP/1.1" 404 196
::1 - - [12/Nov/2025:00:51:04 +0100] "GET /contact HTTP/1.1" 404 196
::1 - - [12/Nov/2025:00:51:04 +0100] "GET /admin HTTP/1.1" 404 196
::1 - - [12/Nov/2025:00:51:04 +0100] "GET / HTTP/1.1" 200 45
::1 - - [12/Nov/2025:00:51:04 +0100] "GET /login HTTP/1.1" 404 196
::1 - - [12/Nov/2025:00:51:04 +0100] "GET /contact HTTP/1.1" 404 196
::1 - - [12/Nov/2025:00:51:04 +0100] "GET /admin HTTP/1.1" 404 196
::1 - - [12/Nov/2025:00:51:04 +0100] "GET / HTTP/1.1" 200 45
::1 - - [12/Nov/2025:00:51:04 +0100] "GET /login HTTP/1.1" 404 196
::1 - - [12/Nov/2025:00:51:04 +0100] "GET /contact HTTP/1.1" 404 196
::1 - - [12/Nov/2025:00:51:04 +0100] "GET /admin HTTP/1.1" 404 196
::1 - - [12/Nov/2025:00:51:04 +0100] "GET / HTTP/1.1" 200 45
::1 - - [12/Nov/2025:00:51:04 +0100] "GET /login HTTP/1.1" 404 196
::1 - - [12/Nov/2025:00:51:04 +0100] "GET /contact HTTP/1.1" 404 196
::1 - - [12/Nov/2025:00:51:04 +0100] "GET /admin HTTP/1.1" 404 196
::1 - - [12/Nov/2025:00:51:04 +0100] "GET / HTTP/1.1" 200 45
::1 - - [12/Nov/2025:00:51:04 +0100] "GET /login HTTP/1.1" 404 196
::1 - - [12/Nov/2025:00:51:04 +0100] "GET /contact HTTP/1.1" 404 196
::1 - - [12/Nov/2025:00:51:04 +0100] "GET /admin HTTP/1.1" 404 196
::1 - - [12/Nov/2025:00:51:04 +0100] "GET / HTTP/1.1" 200 45
::1 - - [12/Nov/2025:00:51:04 +0100] "GET /login HTTP/1.1" 404 196
::1 - - [12/Nov/2025:00:51:04 +0100] "GET /contact HTTP/1.1" 404 196
::1 - - [12/Nov/2025:00:51:04 +0100] "GET /admin HTTP/1.1" 404 196
::1 - - [12/Nov/2025:00:51:04 +0100] "GET / HTTP/1.1" 200 45
::1 - - [12/Nov/2025:00:51:04 +0100] "GET /login HTTP/1.1" 404 196
::1 - - [12/Nov/2025:00:51:04 +0100] "GET /contact HTTP/1.1" 404 196
::1 - - [12/Nov/2025:00:51:04 +0100] "GET /admin HTTP/1.1" 404 196
::1 - - [12/Nov/2025:00:51:04 +0100] "GET / HTTP/1.1" 200 45
::1 - - [12/Nov/2025:00:51:04 +0100] "GET /login HTTP/1.1" 404 196
::1 - - [12/Nov/2025:00:51:04 +0100] "GET /contact HTTP/1.1" 404 196
::1 - - [12/Nov/2025:00:51:04 +0100] "GET /admin HTTP/1.1" 404 196
::1 - - [12/Nov/2025:00:51:04 +0100] "GET / HTTP/1.1" 200 45
::1 - - [12/Nov/2025:00:51:04 +0100] "GET /login HTTP/1.1" 404 196
::1 - - [12/Nov/2025:00:51:04 +0100] "GET /contact HTTP/1.1" 404 196
::1 - - [12/Nov/2025:00:51:04 +0100] "GET /admin HTTP/1.1" 404 196
::1 - - [12/Nov/2025:00:51:04 +0100] "GET / HTTP/1.1" 200 45
::1 - - [12/Nov/2025:00:51:04 +0100] "GET /login HTTP/1.1" 404 196
::1 - - [12/Nov/2025:00:51:04 +0100] "GET /contact HTTP/1.1" 404 196
::1 - - [12/Nov/2025:00:51:04 +0100] "GET /admin HTTP/1.1" 404 196
::1 - - [12/Nov/2025:00:51:04 +0100] "GET / HTTP/1.1" 200 45
::1 - - [12/Nov/2025:00:51:04 +0100] "GET /login HTTP/1.1" 404 196
::1 - - [12/Nov/2025:00:51:04 +0100] "GET /contact HTTP/1.1" 404 196
::1 - - [12/Nov/2025:00:51:04 +0100] "GET /admin HTTP/1.1" 404 196
::1 - - [12/Nov/2025:00:51:04 +0100] "GET / HTTP/1.1" 200 45
::1 - - [12/Nov/2025:00:51:04 +0100] "GET /login HTTP/1.1" 404 196
::1 - - [12/Nov/2025:00:51:04 +0100] "GET /contact HTTP/1.1" 404 196
::1 - - [12/Nov/2025:00:51:04 +0100] "GET /admin HTTP/1.1" 404 196
::1 - - [12/Nov/2025:00:51:04 +0100] "GET / HTTP/1.1" 200 45
::1 - - [12/Nov/2025:00:51:04 +0100] "GET /login HTTP/1.1" 404 196
::1 - - [12/Nov/2025:00:51:04 +0100] "GET /contact HTTP/1.1" 404 196
::1 - - [12/Nov/2025:00:51:04 +0100] "GET /admin HTTP/1.1" 404 196
::1 - - [12/Nov/2025:00:51:04 +0100] "GET / HTTP/1.1" 200 45
::1 - - [12/Nov/2025:00:51:04 +0100] "GET /login HTTP/1.1" 404 196
::1 - - [12/Nov/2025:00:51:04 +0100] "GET /contact HTTP/1.1" 404 196
::1 - - [12/Nov/2025:00:51:04 +0100] "GET /admin HTTP/1.1" 404 196
::1 - - [12/Nov/2025:00:51:04 +0100] "GET / HTTP/1.1" 200 45
::1 - - [12/Nov/2025:00:51:04 +0100] "GET /login HTTP/1.1" 404 196
::1 - - [12/Nov/2025:00:51:04 +0100] "GET /contact HTTP/1.1" 404 196
::1 - - [12/Nov/2025:00:51:04 +0100] "GET /admin HTTP/1.1" 404 196
::1 - - [12/Nov/2025:00:51:04 +0100] "GET / HTTP/1.1" 200 45
::1 - - [12/Nov/2025:00:51:04 +0100] "GET /login HTTP/1.1" 404 196
::1 - - [12/Nov/2025:00:51:04 +0100] "GET /contact HTTP/1.1" 404 196
::1 - - [12/Nov/2025:00:51:04 +0100] "GET /admin HTTP/1.1" 404 196
::1 - - [12/Nov/2025:00:51:04 +0100] "GET / HTTP/1.1" 200 45
::1 - - [12/Nov/2025:00:51:04 +0100] "GET /login HTTP/1.1" 404 196
::1 - - [12/Nov/2025:00:51:04 +0100] "GET /contact HTTP/1.1" 404 196
::1 - - [12/Nov/2025:00:51:04 +0100] "GET /admin HTTP/1.1" 404 196
::1 - - [12/Nov/2025:00:51:04 +0100] "GET / HTTP/1.1" 200 45
::1 - - [12/Nov/2025:00:51:04 +0100] "GET /login HTTP/1.1" 404 196
::1 - - [12/Nov/2025:00:51:04 +0100] "GET /contact HTTP/1.1" 404 196
::1 - - [12/Nov/2025:00:51:04 +0100] "GET /admin HTTP/1.1" 404 196
::1 - - [12/Nov/2025:00:51:04 +0100] "GET / HTTP/1.1" 200 45
::1 - - [12/Nov/2025:00:51:04 +0100] "GET /login HTTP/1.1" 404 196
::1 - - [12/Nov/2025:00:51:05 +0100] "GET /contact HTTP/1.1" 404 196
::1 - - [12/Nov/2025:00:51:05 +0100] "GET /admin HTTP/1.1" 404 196
::1 - - [12/Nov/2025:00:51:05 +0100] "GET / HTTP/1.1" 200 45
::1 - - [12/Nov/2025:00:51:05 +0100] "GET /login HTTP/1.1" 404 196
::1 - - [12/Nov/2025:00:51:05 +0100] "GET /contact HTTP/1.1" 404 196
::1 - - [12/Nov/2025:00:51:05 +0100] "GET /admin HTTP/1.1" 404 196
::1 - - [12/Nov/2025:00:51:05 +0100] "GET / HTTP/1.1" 200 45
::1 - - [12/Nov/2025:00:51:05 +0100] "GET /login HTTP/1.1" 404 196
::1 - - [12/Nov/2025:00:51:05 +0100] "GET /contact HTTP/1.1" 404 196
::1 - - [12/Nov/2025:00:51:05 +0100] "GET /admin HTTP/1.1" 404 196
::1 - - [12/Nov/2025:00:51:05 +0100] "GET / HTTP/1.1" 200 45
::1 - - [12/Nov/2025:00:51:05 +0100] "GET /login HTTP/1.1" 404 196
::1 - - [12/Nov/2025:00:51:05 +0100] "GET /contact HTTP/1.1" 404 196
::1 - - [12/Nov/2025:00:51:05 +0100] "GET /admin HTTP/1.1" 404 196
::1 - - [12/Nov/2025:00:51:05 +0100] "GET / HTTP/1.1" 200 45
::1 - - [12/Nov/2025:00:51:05 +0100] "GET /login HTTP/1.1" 404 196
::1 - - [12/Nov/2025:00:51:05 +0100] "GET /contact HTTP/1.1" 404 196
::1 - - [12/Nov/2025:00:51:05 +0100] "GET /admin HTTP/1.1" 404 196
::1 - - [12/Nov/2025:00:51:05 +0100] "GET / HTTP/1.1" 200 45
::1 - - [12/Nov/2025:00:51:05 +0100] "GET /login HTTP/1.1" 404 196
::1 - - [12/Nov/2025:00:51:05 +0100] "GET /contact HTTP/1.1" 404 196
::1 - - [12/Nov/2025:00:51:05 +0100] "GET /admin HTTP/1.1" 404 196
::1 - - [12/Nov/2025:00:51:05 +0100] "GET / HTTP/1.1" 200 45
::1 - - [12/Nov/2025:00:51:05 +0100] "GET /login HTTP/1.1" 404 196
::1 - - [12/Nov/2025:00:51:05 +0100] "GET /contact HTTP/1.1" 404 196
::1 - - [12/Nov/2025:00:51:05 +0100] "GET /admin HTTP/1.1" 404 196
::1 - - [12/Nov/2025:00:51:05 +0100] "GET / HTTP/1.1" 200 45
::1 - - [12/Nov/2025:00:51:05 +0100] "GET /login HTTP/1.1" 404 196
::1 - - [12/Nov/2025:00:51:05 +0100] "GET /contact HTTP/1.1" 404 196
::1 - - [12/Nov/2025:00:51:05 +0100] "GET /admin HTTP/1.1" 404 196
::1 - - [12/Nov/2025:00:51:05 +0100] "GET / HTTP/1.1" 200 45
::1 - - [12/Nov/2025:00:51:05 +0100] "GET /login HTTP/1.1" 404 196
::1 - - [12/Nov/2025:00:51:05 +0100] "GET /contact HTTP/1.1" 404 196
::1 - - [12/Nov/2025:00:51:05 +0100] "GET /admin HTTP/1.1" 404 196
::1 - - [12/Nov/2025:00:51:05 +0100] "GET / HTTP/1.1" 200 45
::1 - - [12/Nov/2025:00:51:05 +0100] "GET /login HTTP/1.1" 404 196
::1 - - [12/Nov/2025:00:51:05 +0100] "GET /contact HTTP/1.1" 404 196
::1 - - [12/Nov/2025:00:51:05 +0100] "GET /admin HTTP/1.1" 404 196
::1 - - [12/Nov/2025:00:51:05 +0100] "GET / HTTP/1.1" 200 45
::1 - - [12/Nov/2025:00:51:05 +0100] "GET /login HTTP/1.1" 404 196
::1 - - [12/Nov/2025:00:51:05 +0100] "GET /contact HTTP/1.1" 404 196
::1 - - [12/Nov/2025:00:51:05 +0100] "GET /admin HTTP/1.1" 404 196
::1 - - [12/Nov/2025:00:51:05 +0100] "GET / HTTP/1.1" 200 45
::1 - - [12/Nov/2025:00:51:05 +0100] "GET /login HTTP/1.1" 404 196
::1 - - [12/Nov/2025:00:51:05 +0100] "GET /contact HTTP/1.1" 404 196
::1 - - [12/Nov/2025:00:51:05 +0100] "GET /admin HTTP/1.1" 404 196
::1 - - [12/Nov/2025:00:51:05 +0100] "GET / HTTP/1.1" 200 45
::1 - - [12/Nov/2025:00:51:05 +0100] "GET /login HTTP/1.1" 404 196
::1 - - [12/Nov/2025:00:51:05 +0100] "GET /contact HTTP/1.1" 404 196
::1 - - [12/Nov/2025:00:51:05 +0100] "GET /admin HTTP/1.1" 404 196
::1 - - [12/Nov/2025:00:51:05 +0100] "GET / HTTP/1.1" 200 45
::1 - - [12/Nov/2025:00:51:05 +0100] "GET /login HTTP/1.1" 404 196
::1 - - [12/Nov/2025:00:51:05 +0100] "GET /contact HTTP/1.1" 404 196
::1 - - [12/Nov/2025:00:51:05 +0100] "GET /admin HTTP/1.1" 404 196
::1 - - [12/Nov/2025:00:51:05 +0100] "GET / HTTP/1.1" 200 45
::1 - - [12/Nov/2025:00:51:05 +0100] "GET /login HTTP/1.1" 404 196
::1 - - [12/Nov/2025:00:51:05 +0100] "GET /contact HTTP/1.1" 404 196
::1 - - [12/Nov/2025:00:51:05 +0100] "GET /admin HTTP/1.1" 404 196
::1 - - [12/Nov/2025:00:51:05 +0100] "GET / HTTP/1.1" 200 45
::1 - - [12/Nov/2025:00:51:05 +0100] "GET /login HTTP/1.1" 404 196
::1 - - [12/Nov/2025:00:51:05 +0100] "GET /contact HTTP/1.1" 404 196
::1 - - [12/Nov/2025:00:51:05 +0100] "GET /admin HTTP/1.1" 404 196
::1 - - [12/Nov/2025:00:51:05 +0100] "GET / HTTP/1.1" 200 45
::1 - - [12/Nov/2025:00:51:05 +0100] "GET /login HTTP/1.1" 404 196
::1 - - [12/Nov/2025:00:51:05 +0100] "GET /contact HTTP/1.1" 404 196
::1 - - [12/Nov/2025:00:51:05 +0100] "GET /admin HTTP/1.1" 404 196
::1 - - [12/Nov/2025:00:51:05 +0100] "GET / HTTP/1.1" 200 45
::1 - - [12/Nov/2025:00:51:05 +0100] "GET /login HTTP/1.1" 404 196
::1 - - [12/Nov/2025:00:51:05 +0100] "GET /contact HTTP/1.1" 404 196
::1 - - [12/Nov/2025:00:51:05 +0100] "GET /admin HTTP/1.1" 404 196
::1 - - [12/Nov/2025:00:51:05 +0100] "GET / HTTP/1.1" 200 45
::1 - - [12/Nov/2025:00:51:05 +0100] "GET /login HTTP/1.1" 404 196
::1 - - [12/Nov/2025:00:51:05 +0100] "GET /contact HTTP/1.1" 404 196
::1 - - [12/Nov/2025:00:51:05 +0100] "GET /admin HTTP/1.1" 404 196
::1 - - [12/Nov/2025:00:51:05 +0100] "GET / HTTP/1.1" 200 45
::1 - - [12/Nov/2025:00:51:05 +0100] "GET /login HTTP/1.1" 404 196
::1 - - [12/Nov/2025:00:51:05 +0100] "GET /contact HTTP/1.1" 404 196
::1 - - [12/Nov/2025:00:51:05 +0100] "GET /admin HTTP/1.1" 404 196
::1 - - [12/Nov/2025:00:51:05 +0100] "GET / HTTP/1.1" 200 45
::1 - - [12/Nov/2025:00:51:05 +0100] "GET /login HTTP/1.1" 404 196
::1 - - [12/Nov/2025:00:51:05 +0100] "GET /contact HTTP/1.1" 404 196
::1 - - [12/Nov/2025:00:51:05 +0100] "GET /admin HTTP/1.1" 404 196
::1 - - [12/Nov/2025:00:51:05 +0100] "GET / HTTP/1.1" 200 45
::1 - - [12/Nov/2025:00:51:05 +0100] "GET /login HTTP/1.1" 404 196
::1 - - [12/Nov/2025:00:51:05 +0100] "GET /contact HTTP/1.1" 404 196
::1 - - [12/Nov/2025:00:51:05 +0100] "GET /admin HTTP/1.1" 404 196
::1 - - [12/Nov/2025:00:51:05 +0100] "GET / HTTP/1.1" 200 45
::1 - - [12/Nov/2025:00:51:05 +0100] "GET /login HTTP/1.1" 404 196
::1 - - [12/Nov/2025:00:51:05 +0100] "GET /contact HTTP/1.1" 404 196
::1 - - [12/Nov/2025:00:51:05 +0100] "GET /admin HTTP/1.1" 404 196
::1 - - [12/Nov/2025:00:51:05 +0100] "GET / HTTP/1.1" 200 45
::1 - - [12/Nov/2025:00:51:05 +0100] "GET /login HTTP/1.1" 404 196
::1 - - [12/Nov/2025:00:51:05 +0100] "GET /contact HTTP/1.1" 404 196
::1 - - [12/Nov/2025:00:51:05 +0100] "GET /admin HTTP/1.1" 404 196
::1 - - [12/Nov/2025:00:51:05 +0100] "GET / HTTP/1.1" 200 45
::1 - - [12/Nov/2025:00:51:05 +0100] "GET /login HTTP/1.1" 404 196
::1 - - [12/Nov/2025:00:51:05 +0100] "GET /contact HTTP/1.1" 404 196
::1 - - [12/Nov/2025:00:51:05 +0100] "GET /admin HTTP/1.1" 404 196
::1 - - [12/Nov/2025:00:51:05 +0100] "GET / HTTP/1.1" 200 45
::1 - - [12/Nov/2025:00:51:05 +0100] "GET /login HTTP/1.1" 404 196
::1 - - [12/Nov/2025:00:51:05 +0100] "GET /contact HTTP/1.1" 404 196
::1 - - [12/Nov/2025:00:51:05 +0100] "GET /admin HTTP/1.1" 404 196
